<?xml version="1.0" encoding="UTF-8"?>
<testng-results skipped="0" failed="0" total="1" passed="1">
  <reporter-output>
  </reporter-output>
  <suite name="Default suite" duration-ms="8175" started-at="2018-04-08T13:25:28Z" finished-at="2018-04-08T13:25:36Z">
    <groups>
    </groups>
    <test name="Default test" duration-ms="8175" started-at="2018-04-08T13:25:28Z" finished-at="2018-04-08T13:25:36Z">
      <class name="com.naukri.executionEngine.Logo_google">
        <test-method status="PASS" signature="Logo()[pri:0, instance:com.naukri.executionEngine.Logo_google@4b6995df]" name="Logo" duration-ms="5475" started-at="2018-04-08T18:55:28Z" finished-at="2018-04-08T18:55:33Z">
          <reporter-output>
          </reporter-output>
        </test-method> <!-- Logo -->
        <test-method status="PASS" signature="teardown(org.testng.ITestResult)[pri:0, instance:com.naukri.executionEngine.Logo_google@4b6995df]" name="teardown" is-config="true" duration-ms="373" started-at="2018-04-08T18:55:33Z" finished-at="2018-04-08T18:55:34Z">
          <params>
            <param index="0">
              <value>
                <![CDATA[[TestResult name=Logo status=SUCCESS method=Logo_google.Logo()[pri:0, instance:com.naukri.executionEngine.Logo_google@4b6995df] output={null}]]]>
              </value>
            </param>
          </params>
          <reporter-output>
          </reporter-output>
        </test-method> <!-- teardown -->
        <test-method status="PASS" signature="close()[pri:0, instance:com.naukri.executionEngine.Logo_google@4b6995df]" name="close" is-config="true" duration-ms="2311" started-at="2018-04-08T18:55:34Z" finished-at="2018-04-08T18:55:36Z">
          <reporter-output>
          </reporter-output>
        </test-method> <!-- close -->
      </class> <!-- com.naukri.executionEngine.Logo_google -->
    </test> <!-- Default test -->
  </suite> <!-- Default suite -->
</testng-results>
